lab4/Demo_TiltBall/app/build/intermediates/manifest_merge_blame_file/debug/processDebugMainManifest/manifest-merger-blame-debug-report.txt
1<?xml version="1.0" encoding="utf-8"?>
2<manifest xmlns:android="http://schemas.android.com/apk/res/android"
3    package="ca.yorku.eecs.mack.demotiltball"
4    android:versionCode="1"
5    android:versionName="1.0" >
6
7    <uses-sdk
8        android:minSdkVersion="13"
9        android:targetSdkVersion="33" />
10
11    <uses-permission android:name="android.permission.VIBRATE" >
11-->src\main\AndroidManifest.xml:6:5-7:23
11-->src\main\AndroidManifest.xml:6:22-63
12    </uses-permission>
13
14    <application
14-->src\main\AndroidManifest.xml:9:5-27:19
15        android:allowBackup="false"
15-->src\main\AndroidManifest.xml:10:9-36
16        android:debuggable="true"
17        android:extractNativeLibs="true"
18        android:icon="@mipmap/ic_launcher"
18-->src\main\AndroidManifest.xml:11:9-43
19        android:label="@string/app_name"
19-->src\main\AndroidManifest.xml:12:9-41
20        android:testOnly="true"
21        android:theme="@android:style/Theme.NoTitleBar.Fullscreen" >
21-->src\main\AndroidManifest.xml:13:9-67
22        <activity
22-->src\main\AndroidManifest.xml:14:9-22:20
23            android:name="ca.yorku.eecs.mack.demotiltball.DemoTiltBallSetup"
23-->src\main\AndroidManifest.xml:15:13-77
24            android:exported="true" >
24-->src\main\AndroidManifest.xml:16:13-36
25            <intent-filter>
25-->src\main\AndroidManifest.xml:17:13-21:29
26                <action android:name="android.intent.action.MAIN" />
26-->src\main\AndroidManifest.xml:18:17-69
26-->src\main\AndroidManifest.xml:18:25-66
27                <action android:name="android.intent.action.VIEW" />
27-->src\main\AndroidManifest.xml:19:17-69
27-->src\main\AndroidManifest.xml:19:25-66
28
29                <category android:name="android.intent.category.LAUNCHER" />
29-->src\main\AndroidManifest.xml:20:17-77
29-->src\main\AndroidManifest.xml:20:27-74
30            </intent-filter>
31        </activity>
32        <activity
32-->src\main\AndroidManifest.xml:23:9-26:20
33            android:name="ca.yorku.eecs.mack.demotiltball.DemoTiltBallActivity"
33-->src\main\AndroidManifest.xml:24:13-80
34            android:theme="@android:style/Theme.NoTitleBar.Fullscreen" >
34-->src\main\AndroidManifest.xml:25:13-71
35        </activity>
36    </application>
37
38</manifest>